生成启动时间为 2021/1/23 13:50:47。
     1>项目“D:\code\isprime\isprime\isprime.vcxproj”在节点 2 上(Build 个目标)。
     1>ClCompile:
         D:\Program Files (x86)\Microsoft Visual Studio 12.0\VC\bin\CL.exe /c /ZI /nologo /W3 /WX- /sdl /Od /Oy- /D _MBCS /Gm /EHsc /RTC1 /MDd /GS /fp:precise /Zc:wchar_t /Zc:forScope /Fo"Debug\\" /Fd"Debug\vc120.pdb" /Gd /TC /analyze- /errorReport:prompt is_prime.c test.c
         test.c
     1>d:\code\isprime\isprime\test.c(10): warning C4013: “is_prime”未定义；假设外部返回 int
         is_prime.c
     1>d:\code\isprime\isprime\is_prime.c(6): warning C4013: “sqrt”未定义；假设外部返回 int
         正在生成代码...
     1>d:\code\isprime\isprime\is_prime.c(14): warning C4715: “is_prime”: 不是所有的控件路径都返回值
         D:\Program Files (x86)\Microsoft Visual Studio 12.0\VC\bin\CL.exe /c /ZI /nologo /W3 /WX- /sdl /Od /Oy- /D _MBCS /Gm /EHsc /RTC1 /MDd /GS /fp:precise /Zc:wchar_t /Zc:forScope /Fo"Debug\\" /Fd"Debug\vc120.pdb" /Gd /TP /analyze- /errorReport:prompt is_prime.h
         is_prime.h
       Link:
         D:\Program Files (x86)\Microsoft Visual Studio 12.0\VC\bin\link.exe /ERRORREPORT:PROMPT /OUT:"D:\code\isprime\Debug\isprime.exe" /INCREMENTAL /NOLOGO kernel32.lib user32.lib gdi32.lib winspool.lib comdlg32.lib advapi32.lib shell32.lib ole32.lib oleaut32.lib uuid.lib odbc32.lib odbccp32.lib /MANIFEST /MANIFESTUAC:"level='asInvoker' uiAccess='false'" /manifest:embed /DEBUG /PDB:"D:\code\isprime\Debug\isprime.pdb" /TLBID:1 /DYNAMICBASE /NXCOMPAT /IMPLIB:"D:\code\isprime\Debug\isprime.lib" /MACHINE:X86 Debug\is_prime.obj
         Debug\is_prime.obj
         Debug\test.obj
     1>Debug\is_prime.obj : warning LNK4042: 对象被多次指定；已忽略多余的指定
     1>test.obj : error LNK2019: 无法解析的外部符号 _is_prime，该符号在函数 _main 中被引用
     1>D:\code\isprime\Debug\isprime.exe : fatal error LNK1120: 1 个无法解析的外部命令
     1>已完成生成项目“D:\code\isprime\isprime\isprime.vcxproj”(Build 个目标)的操作 - 失败。

生成失败。

已用时间 00:00:00.56
